<?xml version="1.0" encoding="utf-8"?><testsuites name="pytest tests"><testsuite name="pytest" errors="0" failures="0" skipped="0" tests="6" time="1.980" timestamp="2026-01-30T20:36:04.731040+00:00" hostname="0a108a88020e"><testcase classname="currencies.tests.CurrencyURLsTestCase" name="test_currencies_fetch_url_resolves" time="0.616" /><testcase classname="currencies.tests.CurrencyURLsTestCase" name="test_currencies_list_url_resolves" time="0.003" /><testcase classname="currencies.tests.CurrencyURLsTestCase" name="test_currency_by_date_url_resolves" time="0.002" /><testcase classname="currencies.tests.CurrencyURLsTestCase" name="test_fetch_currencies" time="1.114" /><testcase classname="currencies.tests.CurrencyURLsTestCase" name="test_get_currencies_list" time="0.004" /><testcase classname="currencies.tests.CurrencyURLsTestCase" name="test_get_currency_by_date" time="0.039" /></testsuite></testsuites>